# JRE version: Java(TM) SE Runtime Environment (7.0_79-b15) (build 1.7.0_79-b15)
# Java VM: Java HotSpot(TM) 64-Bit Server VM (24.79-b02 mixed mode windows-amd64 compressed oops)
Heap
 PSYoungGen      total 233472K, used 110074K [0x00000000eaa80000, 0x0000000100000000, 0x0000000100000000)
  eden space 117248K, 93% used [0x00000000eaa80000,0x00000000f15fe938,0x00000000f1d00000)
  from space 116224K, 0% used [0x00000000f1d00000,0x00000000f1d00000,0x00000000f8e80000)
  to   space 116224K, 0% used [0x00000000f8e80000,0x00000000f8e80000,0x0000000100000000)
 ParOldGen       total 347648K, used 159750K [0x00000000c0000000, 0x00000000d5380000, 0x00000000eaa80000)
  object space 347648K, 45% used [0x00000000c0000000,0x00000000c9c01880,0x00000000d5380000)
 PSPermGen       total 21504K, used 5824K [0x00000000bae00000, 0x00000000bc300000, 0x00000000c0000000)
  object space 21504K, 27% used [0x00000000bae00000,0x00000000bb3b0260,0x00000000bc300000)
GC Heap History (10 events):
Event: 20.164 GC heap before
{Heap before GC invocations=13 (full 3):
 PSYoungGen      total 206336K, used 89075K [0x00000000eaa80000, 0x0000000100000000, 0x0000000100000000)
  eden space 117248K, 0% used [0x00000000eaa80000,0x00000000eaa80000,0x00000000f1d00000)
  from space 89088K, 99% used [0x00000000fa900000,0x00000000ffffcc48,0x0000000100000000)
  to   space 116224K, 0% used [0x00000000f1d00000,0x00000000f1d00000,0x00000000f8e80000)
 ParOldGen       total 182272K, used 181037K [0x00000000c0000000, 0x00000000cb200000, 0x00000000eaa80000)
  object space 182272K, 99% used [0x00000000c0000000,0x00000000cb0cb490,0x00000000cb200000)
 PSPermGen       total 21504K, used 5796K [0x00000000bae00000, 0x00000000bc300000, 0x00000000c0000000)
  object space 21504K, 26% used [0x00000000bae00000,0x00000000bb3a9390,0x00000000bc300000)
Event: 22.354 GC heap after
Heap after GC invocations=13 (full 3):
 PSYoungGen      total 206336K, used 0K [0x00000000eaa80000, 0x0000000100000000, 0x0000000100000000)
  eden space 117248K, 0% used [0x00000000eaa80000,0x00000000eaa80000,0x00000000f1d00000)
  from space 89088K, 0% used [0x00000000fa900000,0x00000000fa900000,0x0000000100000000)
  to   space 116224K, 0% used [0x00000000f1d00000,0x00000000f1d00000,0x00000000f8e80000)
 ParOldGen       total 323584K, used 173981K [0x00000000c0000000, 0x00000000d3c00000, 0x00000000eaa80000)
  object space 323584K, 53% used [0x00000000c0000000,0x00000000ca9e7490,0x00000000d3c00000)
 PSPermGen       total 21504K, used 5796K [0x00000000bae00000, 0x00000000bc300000, 0x00000000c0000000)
  object space 21504K, 26% used [0x00000000bae00000,0x00000000bb3a9390,0x00000000bc300000)
}
Event: 22.907 GC heap before
{Heap before GC invocations=14 (full 3):
 PSYoungGen      total 206336K, used 117248K [0x00000000eaa80000, 0x0000000100000000, 0x0000000100000000)
  eden space 117248K, 100% used [0x00000000eaa80000,0x00000000f1d00000,0x00000000f1d00000)
  from space 89088K, 0% used [0x00000000fa900000,0x00000000fa900000,0x0000000100000000)
  to   space 116224K, 0% used [0x00000000f1d00000,0x00000000f1d00000,0x00000000f8e80000)
 ParOldGen       total 323584K, used 173981K [0x00000000c0000000, 0x00000000d3c00000, 0x00000000eaa80000)
  object space 323584K, 53% used [0x00000000c0000000,0x00000000ca9e7490,0x00000000d3c00000)
 PSPermGen       total 21504K, used 5810K [0x00000000bae00000, 0x00000000bc300000, 0x00000000c0000000)
  object space 21504K, 27% used [0x00000000bae00000,0x00000000bb3acb80,0x00000000bc300000)
Event: 23.041 GC heap after
Heap after GC invocations=14 (full 3):
 PSYoungGen      total 233472K, used 52318K [0x00000000eaa80000, 0x0000000100000000, 0x0000000100000000)
  eden space 117248K, 0% used [0x00000000eaa80000,0x00000000eaa80000,0x00000000f1d00000)
  from space 116224K, 45% used [0x00000000f1d00000,0x00000000f5017968,0x00000000f8e80000)
  to   space 116224K, 0% used [0x00000000f8e80000,0x00000000f8e80000,0x0000000100000000)
 ParOldGen       total 323584K, used 173981K [0x00000000c0000000, 0x00000000d3c00000, 0x00000000eaa80000)
  object space 323584K, 53% used [0x00000000c0000000,0x00000000ca9e7490,0x00000000d3c00000)
 PSPermGen       total 21504K, used 5810K [0x00000000bae00000, 0x00000000bc300000, 0x00000000c0000000)
  object space 21504K, 27% used [0x00000000bae00000,0x00000000bb3acb80,0x00000000bc300000)
}
Event: 23.213 GC heap before
{Heap before GC invocations=15 (full 3):
 PSYoungGen      total 233472K, used 169566K [0x00000000eaa80000, 0x0000000100000000, 0x0000000100000000)
  eden space 117248K, 100% used [0x00000000eaa80000,0x00000000f1d00000,0x00000000f1d00000)
  from space 116224K, 45% used [0x00000000f1d00000,0x00000000f5017968,0x00000000f8e80000)
  to   space 116224K, 0% used [0x00000000f8e80000,0x00000000f8e80000,0x0000000100000000)
 ParOldGen       total 323584K, used 173981K [0x00000000c0000000, 0x00000000d3c00000, 0x00000000eaa80000)
  object space 323584K, 53% used [0x00000000c0000000,0x00000000ca9e7490,0x00000000d3c00000)
 PSPermGen       total 21504K, used 5810K [0x00000000bae00000, 0x00000000bc300000, 0x00000000c0000000)
  object space 21504K, 27% used [0x00000000bae00000,0x00000000bb3acb80,0x00000000bc300000)
Event: 23.890 GC heap after
Heap after GC invocations=15 (full 3):
 PSYoungGen      total 233472K, used 55218K [0x00000000eaa80000, 0x0000000100000000, 0x0000000100000000)
  eden space 117248K, 0% used [0x00000000eaa80000,0x00000000eaa80000,0x00000000f1d00000)
  from space 116224K, 47% used [0x00000000f8e80000,0x00000000fc46cb00,0x0000000100000000)
  to   space 116224K, 0% used [0x00000000f1d00000,0x00000000f1d00000,0x00000000f8e80000)
 ParOldGen       total 323584K, used 225126K [0x00000000c0000000, 0x00000000d3c00000, 0x00000000eaa80000)
  object space 323584K, 69% used [0x00000000c0000000,0x00000000cdbd9a98,0x00000000d3c00000)
 PSPermGen       total 21504K, used 5810K [0x00000000bae00000, 0x00000000bc300000, 0x00000000c0000000)
  object space 21504K, 27% used [0x00000000bae00000,0x00000000bb3acb80,0x00000000bc300000)
}
Event: 24.360 GC heap before
{Heap before GC invocations=16 (full 3):
 PSYoungGen      total 233472K, used 172466K [0x00000000eaa80000, 0x0000000100000000, 0x0000000100000000)
  eden space 117248K, 100% used [0x00000000eaa80000,0x00000000f1d00000,0x00000000f1d00000)
  from space 116224K, 47% used [0x00000000f8e80000,0x00000000fc46cb00,0x0000000100000000)
  to   space 116224K, 0% used [0x00000000f1d00000,0x00000000f1d00000,0x00000000f8e80000)
 ParOldGen       total 323584K, used 225126K [0x00000000c0000000, 0x00000000d3c00000, 0x00000000eaa80000)
  object space 323584K, 69% used [0x00000000c0000000,0x00000000cdbd9a98,0x00000000d3c00000)
 PSPermGen       total 21504K, used 5812K [0x00000000bae00000, 0x00000000bc300000, 0x00000000c0000000)
  object space 21504K, 27% used [0x00000000bae00000,0x00000000bb3ad1a8,0x00000000bc300000)
Event: 24.644 GC heap after
Heap after GC invocations=16 (full 3):
 PSYoungGen      total 233472K, used 45560K [0x00000000eaa80000, 0x0000000100000000, 0x0000000100000000)
  eden space 117248K, 0% used [0x00000000eaa80000,0x00000000eaa80000,0x00000000f1d00000)
  from space 116224K, 39% used [0x00000000f1d00000,0x00000000f497e1f0,0x00000000f8e80000)
  to   space 116224K, 0% used [0x00000000f8e80000,0x00000000f8e80000,0x0000000100000000)
 ParOldGen       total 323584K, used 281697K [0x00000000c0000000, 0x00000000d3c00000, 0x00000000eaa80000)
  object space 323584K, 87% used [0x00000000c0000000,0x00000000d1318598,0x00000000d3c00000)
 PSPermGen       total 21504K, used 5812K [0x00000000bae00000, 0x00000000bc300000, 0x00000000c0000000)
  object space 21504K, 27% used [0x00000000bae00000,0x00000000bb3ad1a8,0x00000000bc300000)
}
Event: 24.644 GC heap before
{Heap before GC invocations=17 (full 4):
 PSYoungGen      total 233472K, used 45560K [0x00000000eaa80000, 0x0000000100000000, 0x0000000100000000)
  eden space 117248K, 0% used [0x00000000eaa80000,0x00000000eaa80000,0x00000000f1d00000)
  from space 116224K, 39% used [0x00000000f1d00000,0x00000000f497e1f0,0x00000000f8e80000)
  to   space 116224K, 0% used [0x00000000f8e80000,0x00000000f8e80000,0x0000000100000000)
 ParOldGen       total 323584K, used 281697K [0x00000000c0000000, 0x00000000d3c00000, 0x00000000eaa80000)
  object space 323584K, 87% used [0x00000000c0000000,0x00000000d1318598,0x00000000d3c00000)
 PSPermGen       total 21504K, used 5812K [0x00000000bae00000, 0x00000000bc300000, 0x00000000c0000000)
  object space 21504K, 27% used [0x00000000bae00000,0x00000000bb3ad1a8,0x00000000bc300000)
Event: 26.935 GC heap after
Heap after GC invocations=17 (full 4):
 PSYoungGen      total 233472K, used 0K [0x00000000eaa80000, 0x0000000100000000, 0x0000000100000000)
  eden space 117248K, 0% used [0x00000000eaa80000,0x00000000eaa80000,0x00000000f1d00000)
  from space 116224K, 0% used [0x00000000f1d00000,0x00000000f1d00000,0x00000000f8e80000)
  to   space 116224K, 0% used [0x00000000f8e80000,0x00000000f8e80000,0x0000000100000000)
 ParOldGen       total 347648K, used 159750K [0x00000000c0000000, 0x00000000d5380000, 0x00000000eaa80000)
  object space 347648K, 45% used [0x00000000c0000000,0x00000000c9c01880,0x00000000d5380000)
 PSPermGen       total 21504K, used 5812K [0x00000000bae00000, 0x00000000bc300000, 0x00000000c0000000)
  object space 21504K, 27% used [0x00000000bae00000,0x00000000bb3ad168,0x00000000bc300000)
}

